[    0.000000] Initializing cgroup subsys cpuset
[    0.000000] Initializing cgroup subsys cpu
[    0.000000] Initializing cgroup subsys cpuacct
[    0.000000] Linux version 4.4.0-201-generic (buildd@lgw01-amd64-044) (gcc version 5.4.0 20160609 (Ubuntu 5.4.0-6ubuntu1~16.04.12) ) #233-Ubuntu SMP Thu Jan 14 06:10:28 UTC 2021 (Ubuntu 4.4.0-201.233-generic 4.4.247)
[    0.000000] Command line: BOOT_IMAGE=/boot/vmlinuz-4.4.0-201-generic root=LABEL=cloudimg-rootfs ro console=tty1 console=ttyS0
[    0.000000] KERNEL supported cpus:
[    0.000000]   Intel GenuineIntel
[    0.000000]   AMD AuthenticAMD
[    0.000000]   Centaur CentaurHauls
[    0.000000] x86/fpu: xstate_offset[2]:  576, xstate_sizes[2]:  256
[    0.000000] x86/fpu: Supporting XSAVE feature 0x01: 'x87 floating point registers'
[    0.000000] x86/fpu: Supporting XSAVE feature 0x02: 'SSE registers'
[    0.000000] x86/fpu: Supporting XSAVE feature 0x04: 'AVX registers'
[    0.000000] x86/fpu: Enabled xstate features 0x7, context size is 832 bytes, using 'standard' format.
[    0.000000] e820: BIOS-provided physical RAM map:
[    0.000000] BIOS-e820: [mem 0x0000000000000000-0x000000000009fbff] usable
[    0.000000] BIOS-e820: [mem 0x000000000009fc00-0x000000000009ffff] reserved
[    0.000000] BIOS-e820: [mem 0x00000000000f0000-0x00000000000fffff] reserved
[    0.000000] BIOS-e820: [mem 0x0000000000100000-0x000000003ffeffff] usable
[    0.000000] BIOS-e820: [mem 0x000000003fff0000-0x000000003fffffff] ACPI data
[    0.000000] BIOS-e820: [mem 0x00000000fec00000-0x00000000fec00fff] reserved
[    0.000000] BIOS-e820: [mem 0x00000000fee00000-0x00000000fee00fff] reserved
[    0.000000] BIOS-e820: [mem 0x00000000fffc0000-0x00000000ffffffff] reserved
[    0.000000] NX (Execute Disable) protection: active
[    0.000000] SMBIOS 2.5 present.
[    0.000000] Hypervisor detected: KVM
[    0.000000] e820: last_pfn = 0x3fff0 max_arch_pfn = 0x400000000
[    0.000000] MTRR: Disabled
[    0.000000] x86/PAT: MTRRs disabled, skipping PAT initialization too.
[    0.000000] CPU MTRRs all blank - virtualized system.
[    0.000000] x86/PAT: Configuration [0-7]: WB  WT  UC- UC  WB  WT  UC- UC  
[    0.000000] found SMP MP-table at [mem 0x0009fff0-0x0009ffff] mapped at [ffff88000009fff0]
[    0.000000] Scanning 1 areas for low memory corruption
[    0.000000] RAMDISK: [mem 0x362dc000-0x37165fff]
[    0.000000] ACPI: Early table checksum verification disabled
[    0.000000] ACPI: RSDP 0x00000000000E0000 000024 (v02 VBOX  )
[    0.000000] ACPI: XSDT 0x000000003FFF0030 00003C (v01 VBOX   VBOXXSDT 00000001 ASL  00000061)
[    0.000000] ACPI: FACP 0x000000003FFF00F0 0000F4 (v04 VBOX   VBOXFACP 00000001 ASL  00000061)
[    0.000000] ACPI: DSDT 0x000000003FFF0470 002325 (v02 VBOX   VBOXBIOS 00000002 INTL 20120111)
[    0.000000] ACPI: FACS 0x000000003FFF0200 000040
[    0.000000] ACPI: FACS 0x000000003FFF0200 000040
[    0.000000] ACPI: APIC 0x000000003FFF0240 00005C (v02 VBOX   VBOXAPIC 00000001 ASL  00000061)
[    0.000000] ACPI: SSDT 0x000000003FFF02A0 0001CC (v01 VBOX   VBOXCPUT 00000002 INTL 20120111)
[    0.000000] No NUMA configuration found
[    0.000000] Faking a node at [mem 0x0000000000000000-0x000000003ffeffff]
[    0.000000] NODE_DATA(0) allocated [mem 0x3ffeb000-0x3ffeffff]
[    0.000000] kvm-clock: Using msrs 4b564d01 and 4b564d00
[    0.000000] kvm-clock: cpu 0, msr 0:3ffe3001, primary cpu clock
[    0.000000] kvm-clock: using sched offset of 8728254495 cycles
[    0.000000] clocksource: kvm-clock: mask: 0xffffffffffffffff max_cycles: 0x1cd42e4dffb, max_idle_ns: 881590591483 ns
[    0.000000] Zone ranges:
[    0.000000]   DMA      [mem 0x0000000000001000-0x0000000000ffffff]
[    0.000000]   DMA32    [mem 0x0000000001000000-0x000000003ffeffff]
[    0.000000]   Normal   empty
[    0.000000]   Device   empty
[    0.000000] Movable zone start for each node
[    0.000000] Early memory node ranges
[    0.000000]   node   0: [mem 0x0000000000001000-0x000000000009efff]
[    0.000000]   node   0: [mem 0x0000000000100000-0x000000003ffeffff]
[    0.000000] Initmem setup node 0 [mem 0x0000000000001000-0x000000003ffeffff]
[    0.000000] ACPI: PM-Timer IO Port: 0x4008
[    0.000000] IOAPIC[0]: apic_id 2, version 32, address 0xfec00000, GSI 0-23
[    0.000000] ACPI: INT_SRC_OVR (bus 0 bus_irq 0 global_irq 2 dfl dfl)
[    0.000000] ACPI: INT_SRC_OVR (bus 0 bus_irq 9 global_irq 9 low level)
[    0.000000] Using ACPI (MADT) for SMP configuration information
[    0.000000] smpboot: Allowing 2 CPUs, 0 hotplug CPUs
[    0.000000] PM: Registered nosave memory: [mem 0x00000000-0x00000fff]
[    0.000000] PM: Registered nosave memory: [mem 0x0009f000-0x0009ffff]
[    0.000000] PM: Registered nosave memory: [mem 0x000a0000-0x000effff]
[    0.000000] PM: Registered nosave memory: [mem 0x000f0000-0x000fffff]
[    0.000000] e820: [mem 0x40000000-0xfebfffff] available for PCI devices
[    0.000000] Booting paravirtualized kernel on KVM
[    0.000000] clocksource: refined-jiffies: mask: 0xffffffff max_cycles: 0xffffffff, max_idle_ns: 7645519600211568 ns
[    0.000000] setup_percpu: NR_CPUS:512 nr_cpumask_bits:512 nr_cpu_ids:2 nr_node_ids:1
[    0.000000] PERCPU: Embedded 33 pages/cpu @ffff88003fc00000 s95640 r8192 d31336 u1048576
[    0.000000] Built 1 zonelists in Node order, mobility grouping on.  Total pages: 257912
[    0.000000] Policy zone: DMA32
[    0.000000] Kernel command line: BOOT_IMAGE=/boot/vmlinuz-4.4.0-201-generic root=LABEL=cloudimg-rootfs ro console=tty1 console=ttyS0
[    0.000000] PID hash table entries: 4096 (order: 3, 32768 bytes)
[    0.000000] Memory: 997656K/1048120K available (8641K kernel code, 1337K rwdata, 4044K rodata, 1492K init, 1296K bss, 50464K reserved, 0K cma-reserved)
[    0.000000] SLUB: HWalign=64, Order=0-3, MinObjects=0, CPUs=2, Nodes=1
[    0.000000] Kernel/User page tables isolation: enabled
[    0.000000] Hierarchical RCU implementation.
[    0.000000] 	Build-time adjustment of leaf fanout to 64.
[    0.000000] 	RCU restricting CPUs from NR_CPUS=512 to nr_cpu_ids=2.
[    0.000000] RCU: Adjusting geometry for rcu_fanout_leaf=64, nr_cpu_ids=2
[    0.000000] NR_IRQS:33024 nr_irqs:440 16
[    0.000000] Console: colour VGA+ 80x25
[    0.000000] console [tty1] enabled
[    0.000000] console [ttyS0] enabled
[    0.000000] tsc: Detected 2494.316 MHz processor
[    0.203703] Calibrating delay loop (skipped) preset value.. 4988.63 BogoMIPS (lpj=9977264)
[    0.206221] pid_max: default: 32768 minimum: 301
[    0.207647] ACPI: Core revision 20150930
[    0.209719] ACPI: 2 ACPI AML tables successfully acquired and loaded
[    0.211772] Security Framework initialized
[    0.213013] Yama: becoming mindful.
[    0.214202] AppArmor: AppArmor initialized
[    0.215602] Dentry cache hash table entries: 131072 (order: 8, 1048576 bytes)
[    0.219804] Inode-cache hash table entries: 65536 (order: 7, 524288 bytes)
[    0.221838] Mount-cache hash table entries: 2048 (order: 2, 16384 bytes)
[    0.223771] Mountpoint-cache hash table entries: 2048 (order: 2, 16384 bytes)
[    0.225870] Initializing cgroup subsys io
[    0.227299] Initializing cgroup subsys memory
[    0.228603] Initializing cgroup subsys devices
[    0.229914] Initializing cgroup subsys freezer
[    0.231264] Initializing cgroup subsys net_cls
[    0.232586] Initializing cgroup subsys perf_event
[    0.233949] Initializing cgroup subsys net_prio
[    0.235718] Initializing cgroup subsys hugetlb
[    0.237060] Initializing cgroup subsys pids
[    0.238704] mce: CPU supports 0 MCE banks
[    0.240008] Last level iTLB entries: 4KB 512, 2MB 8, 4MB 8
[    0.241576] Last level dTLB entries: 4KB 512, 2MB 32, 4MB 32, 1GB 0
[    0.243576] Spectre V1 : Mitigation: usercopy/swapgs barriers and __user pointer sanitization
[    0.246087] Spectre V2 : Mitigation: Full generic retpoline
[    0.248004] Spectre V2 : Spectre v2 / SpectreRSB mitigation: Filling RSB on context switch
[    0.251067] Speculative Store Bypass: Vulnerable
[    0.252498] SRBDS: Unknown: Dependent on hypervisor status
[    0.254223] MDS: Mitigation: Clear CPU buffers
[    0.259049] Freeing SMP alternatives memory: 36K
[    0.268051] ftrace: allocating 32361 entries in 127 pages
[    0.342202] smpboot: APIC(0) Converting physical 0 to logical package 0
[    0.344249] smpboot: Max logical packages: 1
[    0.345785] x2apic enabled
[    0.346983] Switched APIC routing to physical x2apic.
[    0.349870] ..TIMER: vector=0x30 apic1=0 pin1=2 apic2=-1 pin2=-1
[    0.460577] smpboot: CPU0: Intel(R) Core(TM) i5-3210M CPU @ 2.50GHz (family: 0x6, model: 0x3a, stepping: 0x9)
[    0.467610] Performance Events: unsupported p6 CPU model 58 no PMU driver, software events only.
[    0.500512] KVM setup paravirtual spinlock
[    0.504782] x86: Booting SMP configuration:
[    0.507803] .... node  #0, CPUs:      #1
[    0.510715] kvm-clock: cpu 1, msr 0:3ffe3041, secondary cpu clock
[    0.515514] mce: CPU supports 0 MCE banks
[    0.520112] x86: Booted up 1 node, 2 CPUs
[    0.525109] smpboot: Total of 2 processors activated (9977.26 BogoMIPS)
[    0.529606] devtmpfs: initialized
[    0.536300] evm: security.selinux
[    0.539501] evm: security.SMACK64
[    0.542335] evm: security.SMACK64EXEC
[    0.544456] evm: security.SMACK64TRANSMUTE
[    0.545762] evm: security.SMACK64MMAP
[    0.547043] evm: security.ima
[    0.548115] evm: security.capability
[    0.551018] clocksource: jiffies: mask: 0xffffffff max_cycles: 0xffffffff, max_idle_ns: 7645041785100000 ns
[    0.554358] futex hash table entries: 512 (order: 3, 32768 bytes)
[    0.559491] pinctrl core: initialized pinctrl subsystem
[    0.561812] RTC time: 17:36:52, date: 02/04/21
[    0.563336] NET: Registered protocol family 16
[    0.573577] cpuidle: using governor ladder
[    0.584918] cpuidle: using governor menu
[    0.588206] PCCT header not found.
[    0.590579] ACPI: bus type PCI registered
[    0.592350] acpiphp: ACPI Hot Plug PCI Controller Driver version: 0.5
[    0.594580] PCI: Using configuration type 1 for base access
[    0.611174] ACPI: Added _OSI(Module Device)
[    0.612813] ACPI: Added _OSI(Processor Device)
[    0.614312] ACPI: Added _OSI(3.0 _SCP Extensions)
[    0.616214] ACPI: Added _OSI(Processor Aggregator Device)
[    0.618992] ACPI: Executed 1 blocks of module-level executable AML code
[    0.623438] ACPI: Interpreter enabled
[    0.624610] ACPI: (supports S0 S5)
[    0.626127] ACPI: Using IOAPIC for interrupt routing
[    0.627880] PCI: Using host bridge windows from ACPI; if necessary, use "pci=nocrs" and report a bug
[    0.636064] ACPI: PCI Root Bridge [PCI0] (domain 0000 [bus 00-ff])
[    0.637987] acpi PNP0A03:00: _OSC: OS supports [ASPM ClockPM Segments MSI]
[    0.640210] acpi PNP0A03:00: _OSC: not requesting OS control; OS requires [ExtendedConfig ASPM ClockPM MSI]
[    0.643207] acpi PNP0A03:00: fail to add MMCONFIG information, can't access extended PCI configuration space under this bridge.
[    0.647240] PCI host bridge to bus 0000:00
[    0.648495] pci_bus 0000:00: root bus resource [io  0x0000-0x0cf7 window]
[    0.651482] pci_bus 0000:00: root bus resource [io  0x0d00-0xffff window]
[    0.654160] pci_bus 0000:00: root bus resource [mem 0x000a0000-0x000bffff window]
[    0.656472] pci_bus 0000:00: root bus resource [mem 0x40000000-0xfdffffff window]
[    0.661021] pci_bus 0000:00: root bus resource [bus 00-ff]
[    0.669386] pci 0000:00:01.1: legacy IDE quirk: reg 0x10: [io  0x01f0-0x01f7]
[    0.671779] pci 0000:00:01.1: legacy IDE quirk: reg 0x14: [io  0x03f6]
[    0.673822] pci 0000:00:01.1: legacy IDE quirk: reg 0x18: [io  0x0170-0x0177]
[    0.686675] pci 0000:00:01.1: legacy IDE quirk: reg 0x1c: [io  0x0376]
[    0.713594] pci 0000:00:07.0: quirk: [io  0x4000-0x403f] claimed by PIIX4 ACPI
[    0.716122] pci 0000:00:07.0: quirk: [io  0x4100-0x410f] claimed by PIIX4 SMB
[    0.734655] ACPI: PCI Interrupt Link [LNKA] (IRQs 5 9 10 *11)
[    0.738003] ACPI: PCI Interrupt Link [LNKB] (IRQs 5 9 *10 11)
[    0.740200] ACPI: PCI Interrupt Link [LNKC] (IRQs 5 *9 10 11)
[    0.742420] ACPI: PCI Interrupt Link [LNKD] (IRQs 5 9 10 *11)
[    0.744882] ACPI: Enabled 2 GPEs in block 00 to 07
[    0.746922] vgaarb: setting as boot device: PCI:0000:00:02.0
[    0.748586] vgaarb: device added: PCI:0000:00:02.0,decodes=io+mem,owns=io+mem,locks=none
[    0.750983] vgaarb: loaded
[    0.751898] vgaarb: bridge control possible 0000:00:02.0
[    0.754407] SCSI subsystem initialized
[    0.755845] ACPI: bus type USB registered
[    0.757178] usbcore: registered new interface driver usbfs
[    0.758747] usbcore: registered new interface driver hub
[    0.760286] usbcore: registered new device driver usb
[    0.762275] PCI: Using ACPI for IRQ routing
[    0.765860] NetLabel: Initializing
[    0.767308] NetLabel:  domain hash size = 128
[    0.768652] NetLabel:  protocols = UNLABELED CIPSOv4
[    0.770574] NetLabel:  unlabeled traffic allowed by default
[    0.772397] amd_nb: Cannot enumerate AMD northbridges
[    0.773998] clocksource: Switched to clocksource kvm-clock
[    0.785922] AppArmor: AppArmor Filesystem Enabled
[    0.788032] pnp: PnP ACPI init
[    0.790577] pnp: PnP ACPI: found 3 devices
[    0.803090] clocksource: acpi_pm: mask: 0xffffff max_cycles: 0xffffff, max_idle_ns: 2085701024 ns
[    0.806224] NET: Registered protocol family 2
[    0.807760] TCP established hash table entries: 8192 (order: 4, 65536 bytes)
[    0.809907] TCP bind hash table entries: 8192 (order: 5, 131072 bytes)
[    0.812328] TCP: Hash tables configured (established 8192 bind 8192)
[    0.814115] UDP hash table entries: 512 (order: 2, 16384 bytes)
[    0.815908] UDP-Lite hash table entries: 512 (order: 2, 16384 bytes)
[    0.818053] NET: Registered protocol family 1
[    0.819546] pci 0000:00:00.0: Limiting direct PCI/PCI transfers
[    0.821328] pci 0000:00:01.0: Activating ISA DMA hang workarounds
[    0.823390] Unpacking initramfs...
[    1.077203] Freeing initrd memory: 14888K
[    1.078885] RAPL PMU detected, API unit is 2^-32 Joules, 3 fixed counters 10737418240 ms ovfl timer
[    1.081507] hw unit of domain pp0-core 2^-0 Joules
[    1.083015] hw unit of domain package 2^-0 Joules
[    1.084386] hw unit of domain pp1-gpu 2^-0 Joules
[    1.085762] clocksource: tsc: mask: 0xffffffffffffffff max_cycles: 0x23f4406cc0d, max_idle_ns: 440795293671 ns
[    1.089337] platform rtc_cmos: registered platform RTC device (no PNP device found)
[    1.091972] Scanning for low memory corruption every 60 seconds
[    1.094532] audit: initializing netlink subsys (disabled)
[    1.096174] audit: type=2000 audit(1612460223.009:1): initialized
[    1.098519] Initialise system trusted keyring
[    1.100117] HugeTLB registered 2 MB page size, pre-allocated 0 pages
[    1.103322] zbud: loaded
[    1.104795] VFS: Disk quotas dquot_6.6.0
[    1.106048] VFS: Dquot-cache hash table entries: 512 (order 0, 4096 bytes)
[    1.108404] squashfs: version 4.0 (2009/01/31) Phillip Lougher
[    1.110555] fuse init (API version 7.23)
[    1.111961] Key type big_key registered
[    1.113155] Allocating IMA MOK and blacklist keyrings.
[    1.116383] Key type asymmetric registered
[    1.117666] Asymmetric key parser 'x509' registered
[    1.119238] Block layer SCSI generic (bsg) driver version 0.4 loaded (major 249)
[    1.121609] io scheduler noop registered
[    1.122932] io scheduler deadline registered (default)
[    1.125068] io scheduler cfq registered
[    1.126560] pci_hotplug: PCI Hot Plug PCI Core version: 0.5
[    1.128154] pciehp: PCI Express Hot Plug Controller Driver version: 0.4
[    1.130448] ACPI: AC Adapter [AC] (off-line)
[    1.131794] input: Power Button as /devices/LNXSYSTM:00/LNXPWRBN:00/input/input0
[    1.134301] ACPI: Power Button [PWRF]
[    1.135712] input: Sleep Button as /devices/LNXSYSTM:00/LNXSLPBN:00/input/input1
[    1.138122] ACPI: Sleep Button [SLPF]
[    1.139757] GHES: HEST is not enabled!
[    1.141583] ACPI: Battery Slot [BAT0] (battery present)
[    1.144427] Serial: 8250/16550 driver, 32 ports, IRQ sharing enabled
[    1.167113] 00:02: ttyS0 at I/O 0x3f8 (irq = 4, base_baud = 115200) is a 16550A
[    1.172768] Linux agpgart interface v0.103
[    1.176730] loop: module loaded
[    1.178523] scsi host0: ata_piix
[    1.179923] scsi host1: ata_piix
[    1.180988] ata1: PATA max UDMA/33 cmd 0x1f0 ctl 0x3f6 bmdma 0xd000 irq 14
[    1.183279] ata2: PATA max UDMA/33 cmd 0x170 ctl 0x376 bmdma 0xd008 irq 15
[    1.185241] libphy: Fixed MDIO Bus: probed
[    1.187873] tun: Universal TUN/TAP device driver, 1.6
[    1.189324] tun: (C) 1999-2004 Max Krasnyansky <maxk@qualcomm.com>
[    1.191325] PPP generic driver version 2.4.2
[    1.192742] ehci_hcd: USB 2.0 'Enhanced' Host Controller (EHCI) Driver
[    1.194721] ehci-pci: EHCI PCI platform driver
[    1.196056] ehci-platform: EHCI generic platform driver
[    1.197570] ohci_hcd: USB 1.1 'Open' Host Controller (OHCI) Driver
[    1.200028] ohci-pci: OHCI PCI platform driver
[    1.201361] ohci-platform: OHCI generic platform driver
[    1.203219] uhci_hcd: USB Universal Host Controller Interface driver
[    1.205055] i8042: PNP: PS/2 Controller [PNP0303:PS2K,PNP0f03:PS2M] at 0x60,0x64 irq 1,12
[    1.208188] serio: i8042 KBD port at 0x60,0x64 irq 1
[    1.209627] serio: i8042 AUX port at 0x60,0x64 irq 12
[    1.211921] mousedev: PS/2 mouse device common for all mice
[    1.213947] input: AT Translated Set 2 keyboard as /devices/platform/i8042/serio0/input/input2
[    1.218154] rtc_cmos rtc_cmos: rtc core: registered rtc_cmos as rtc0
[    1.220238] rtc_cmos rtc_cmos: alarms up to one day, 114 bytes nvram
[    1.222002] i2c /dev entries driver
[    1.223388] device-mapper: uevent: version 1.0.3
[    1.224913] device-mapper: ioctl: 4.34.0-ioctl (2015-10-28) initialised: dm-devel@redhat.com
[    1.227777] ledtrig-cpu: registered to indicate activity on CPUs
[    1.230226] NET: Registered protocol family 10
[    1.231826] NET: Registered protocol family 17
[    1.233645] Key type dns_resolver registered
[    1.236257] registered taskstats version 1
[    1.237579] Loading compiled-in X.509 certificates
[    1.239801] Loaded X.509 cert 'Build time autogenerated kernel key: 9e5e2330314f2a00b0409bdb338e201244d5149f'
[    1.242675] zswap: loaded using pool lzo/zbud
[    1.246866] Key type trusted registered
[    1.252532] Key type encrypted registered
[    1.254394] AppArmor: AppArmor sha1 policy hashing enabled
[    1.256279] ima: No TPM chip found, activating TPM-bypass!
[    1.257903] ima: Allocated hash algorithm: sha1
[    1.260089] evm: HMAC attrs: 0x1
[    1.262259]   Magic number: 9:658:642
[    1.263517] rtc_cmos rtc_cmos: setting system clock to 2021-02-04 17:36:53 UTC (1612460213)
[    1.266338] BIOS EDD facility v0.16 2004-Jun-25, 0 devices found
[    1.268017] EDD information not available.
[    1.364603] Freeing unused kernel memory: 1492K
[    1.366040] Write protecting the kernel read-only data: 14336k
[    1.368627] Freeing unused kernel memory: 1588K
[    1.370154] Freeing unused kernel memory: 52K
Loading, please wait...
starting version 229
[    1.388064] random: systemd-udevd: uninitialized urandom read (16 bytes read, 2 bits of entropy available)
[    1.389139] random: udevadm: uninitialized urandom read (16 bytes read, 2 bits of entropy available)
[    1.389180] random: udevadm: uninitialized urandom read (16 bytes read, 2 bits of entropy available)
[    1.396196] random: systemd-udevd: uninitialized urandom read (16 bytes read, 2 bits of entropy available)
[    1.399297] random: systemd-udevd: uninitialized urandom read (16 bytes read, 2 bits of entropy available)
[    1.402260] random: systemd-udevd: uninitialized urandom read (16 bytes read, 2 bits of entropy available)
[    1.406095] random: systemd-udevd: uninitialized urandom read (16 bytes read, 2 bits of entropy available)
[    1.406533] random: udevadm: uninitialized urandom read (16 bytes read, 2 bits of entropy available)
[    1.406621] random: udevadm: uninitialized urandom read (16 bytes read, 2 bits of entropy available)
[    1.406938] random: udevadm: uninitialized urandom read (16 bytes read, 2 bits of entropy available)
[    1.471949] e1000: Intel(R) PRO/1000 Network Driver - version 7.3.21-k8-NAPI
[    1.474966] e1000: Copyright (c) 1999-2006 Intel Corporation.
[    1.478373] Fusion MPT base driver 3.04.20
[    1.479609] Copyright (c) 1999-2008 LSI Corporation
[    1.492323] Fusion MPT SPI Host driver 3.04.20
[    1.537872] AVX version of gcm_enc/dec engaged.
[    1.539812] AES CTR mode by8 optimization enabled
[    1.704327] input: ImExPS/2 Generic Explorer Mouse as /devices/platform/i8042/serio1/input/input4
[    2.089969] e1000 0000:00:03.0 eth0: (PCI:33MHz:32-bit) 02:e4:9f:83:fa:fa
[    2.092362] e1000 0000:00:03.0 eth0: Intel(R) PRO/1000 Network Connection
[    2.095350] mptbase: ioc0: Initiating bringup
[    2.579811] ioc0: LSI53C1030 A0: Capabilities={Initiator}
[    4.585462] scsi host2: ioc0: LSI53C1030 A0, FwRev=00000000h, Ports=1, MaxQ=256, IRQ=20
[    6.583763] scsi 2:0:0:0: Direct-Access     VBOX     HARDDISK         1.0  PQ: 0 ANSI: 5
[    6.588087] scsi target2:0:0: Beginning Domain Validation
[    6.595007] scsi target2:0:0: Domain Validation skipping write tests
[    6.596905] scsi target2:0:0: Ending Domain Validation
[    6.598478] scsi target2:0:0: asynchronous
[    6.600456] scsi 2:0:1:0: Direct-Access     VBOX     HARDDISK         1.0  PQ: 0 ANSI: 5
[    6.618558] scsi target2:0:1: Beginning Domain Validation
[    6.622487] scsi target2:0:1: Domain Validation skipping write tests
[    6.625052] scsi target2:0:1: Ending Domain Validation
[    6.627891] scsi target2:0:1: asynchronous
[    6.651840] sd 2:0:0:0: Attached scsi generic sg0 type 0
[    6.654414] sd 2:0:0:0: [sda] 83886080 512-byte logical blocks: (42.9 GB/40.0 GiB)
[    6.658539] sd 2:0:1:0: [sdb] 20480 512-byte logical blocks: (10.5 MB/10.0 MiB)
[    6.662283] sd 2:0:1:0: Attached scsi generic sg1 type 0
[    6.665202] sd 2:0:1:0: [sdb] Write Protect is off
[    6.667520] sd 2:0:0:0: [sda] Write Protect is off
[    6.669899] sd 2:0:0:0: [sda] Incomplete mode parameter data
[    6.672463] sd 2:0:0:0: [sda] Assuming drive cache: write through
[    6.675423] sd 2:0:1:0: [sdb] Incomplete mode parameter data
[    6.677770] sd 2:0:1:0: [sdb] Assuming drive cache: write through
[    6.801715]  sda: sda1
[    6.804303] sd 2:0:1:0: [sdb] Attached SCSI disk
[    6.808003] sd 2:0:0:0: [sda] Attached SCSI disk
[    7.099171] e1000 0000:00:08.0 eth1: (PCI:33MHz:32-bit) 08:00:27:73:d4:11
[    7.102367] e1000 0000:00:08.0 eth1: Intel(R) PRO/1000 Network Connection
[    7.108105] e1000 0000:00:03.0 enp0s3: renamed from eth0
[    7.120827] e1000 0000:00:08.0 enp0s8: renamed from eth1
Begin: Loading essential drivers ... [    8.537241] md: linear personality registered for level -1
[    8.542810] md: multipath personality registered for level -4
[    8.548386] md: raid0 personality registered for level 0
[    8.557852] md: raid1 personality registered for level 1
[    8.634396] raid6: sse2x1   gen()  3872 MB/s
[    8.702296] raid6: sse2x1   xor()  2447 MB/s
[    8.774393] raid6: sse2x2   gen()  4518 MB/s
[    8.842226] raid6: sse2x2   xor()  6278 MB/s
[    8.910281] raid6: sse2x4   gen() 10698 MB/s
[    8.978223] raid6: sse2x4   xor()  8578 MB/s
[    8.979510] raid6: using algorithm sse2x4 gen() 10698 MB/s
[    8.981062] raid6: .... xor() 8578 MB/s, rmw enabled
[    8.982593] raid6: using ssse3x2 recovery algorithm
[    8.985258] xor: automatically using best checksumming function:
[    9.026142]    avx       : 21749.000 MB/sec
[    9.029552] async_tx: api initialized (async)
[    9.045339] md: raid6 personality registered for level 6
[    9.047414] md: raid5 personality registered for level 5
[    9.049482] md: raid4 personality registered for level 4
[    9.059627] md: raid10 personality registered for level 10
done.
Begin: Running /scripts/init-premount ... done.
Begin: Mounting root file system ... Begin: Running /scripts/local-top ... done.
Begin: Running /scripts/local-premount ... [    9.100025] Btrfs loaded
Scanning for Btrfs filesystems
done.
Warning: fsck not present, so skipping root file system
[    9.175678] EXT4-fs (sda1): mounted filesystem with ordered data mode. Opts: (null)
done.
Begin: Running /scripts/local-bottom ... done.
Begin: Running /scripts/init-bottom ... done.
[   10.052566] systemd[1]: systemd 229 running in system mode. (+PAM +AUDIT +SELINUX +IMA +APPARMOR +SMACK +SYSVINIT +UTMP +LIBCRYPTSETUP +GCRYPT +GNUTLS +ACL +XZ -LZ4 +SECCOMP +BLKID +ELFUTILS +KMOD -IDN)
[   10.058462] systemd[1]: Detected virtualization oracle.
[   10.060200] systemd[1]: Detected architecture x86-64.

Welcome to [1mUbuntu 16.04.7 LTS[0m!

[   10.087038] systemd[1]: Set hostname to <ubuntu>.
[   10.122044] systemd[1]: Initializing machine ID from random generator.
[   10.124641] systemd[1]: Installed transient /etc/machine-id file.
[   10.314472] random: nonblocking pool is initialized
[   11.470458] systemd[1]: Reached target System Time Synchronized.
[[0;32m  OK  [0m] Reached target System Time Synchronized.
[   11.474567] systemd[1]: Reached target User and Group Name Lookups.
[[0;32m  OK  [0m] Reached target User and Group Name Lookups.
[   11.478405] systemd[1]: Listening on Device-mapper event daemon FIFOs.
[[0;32m  OK  [0m] Listening on Device-mapper event daemon FIFOs.
[   11.482037] systemd[1]: Listening on udev Control Socket.
[[0;32m  OK  [0m] Listening on udev Control Socket.
[   11.485167] systemd[1]: Started Trigger resolvconf update for networkd DNS.
[[0;32m  OK  [0m] Started Trigger resolvconf update for networkd DNS.
[   11.489198] systemd[1]: Set up automount Arbitrary Executable File Formats File System Automount Point.
[[0;32m  OK  [0m] Set up automount Arbitrary Executab...ats File System Automount Point.
[   11.495855] systemd[1]: Listening on Syslog Socket.
[[0;32m  OK  [0m] Listening on Syslog Socket.
[   11.499381] systemd[1]: Created slice System Slice.
[[0;32m  OK  [0m] Created slice System Slice.
[   11.502403] systemd[1]: Created slice system-serial\x2dgetty.slice.
[[0;32m  OK  [0m] Created slice system-serial\x2dgetty.slice.
[   11.505659] systemd[1]: Listening on Journal Socket (/dev/log).
[[0;32m  OK  [0m] Listening on Journal Socket (/dev/log).
[   11.509269] systemd[1]: Created slice User and Session Slice.
[[0;32m  OK  [0m] Created slice User and Session Slice.
[   11.512735] systemd[1]: Listening on Journal Socket.
[[0;32m  OK  [0m] Listening on Journal Socket.
[   11.526959] systemd[1]: Mounting Huge Pages File System...
         Mounting Huge Pages File System...
[   11.532339] systemd[1]: Starting Nameserver information manager...
         Starting Nameserver information manager...
[   11.538172] systemd[1]: Starting Remount Root and Kernel File Systems...
         Starting Remount Root and Kernel File Systems...
[   11.548052] systemd[1]: Mounting POSIX Message Queue File System...
         Mounting POSIX Message Queue File System...
[   11.552364] systemd[1]: Starting Create list of required static device nodes for the current kernel...
         Starting Create list of required st... nodes for the current kernel...
[   11.557956] systemd[1]: Mounting Debug File System...
         Mounting Debug File System...
[   11.562178] systemd[1]: Starting Set console keymap...
         Starting Set console keymap...
[   11.586980] EXT4-fs (sda1): re-mounted. Opts: (null)
[   11.690234] systemd[1]: Listening on Journal Audit Socket.
[[0;32m  OK  [0m] Listening on Journal Audit Socket.
[   11.706798] systemd[1]: Starting Journal Service...
         Starting Journal Service...
[   11.710714] systemd[1]: Listening on LVM2 poll daemon socket.
[[0;32m  OK  [0m] Listening on LVM2 poll daemon socket.
[   12.078825] systemd[1]: Starting Load Kernel Modules...
         Starting Load Kernel Modules...
[   12.086831] systemd[1]: Listening on LVM2 metadata daemon socket.
[[0;32m  OK  [0m] Listening on LVM2 metadata daemon socket.
[   12.093181] systemd[1]: Starting Monitoring of LVM2 mirrors, snapshots etc. using dmeventd or progress polling...
         Starting Monitoring of LVM2 mirrors... dmeventd or progress polling...
[   12.101546] systemd[1]: Started Forward Password Requests to Wall Directory Watch.
[[0;32m  OK  [0m] Started Forward Password Requests to Wall Directory Watch.
[   12.107641] systemd[1]: Reached target Encrypted Volumes.
[[0;32m  OK  [0m] Reached target Encrypted Volumes.
[   12.112506] systemd[1]: Listening on udev Kernel Socket.
[[0;32m  OK  [0m] Listening on udev Kernel Socket.
[   12.117180] systemd[1]: Reached target Swap.
[[0;32m  OK  [0m] Reached target Swap.
[   12.121096] systemd[1]: Reached target Slices.
[[0;32m  OK  [0m] Reached target Slices.
[   12.127377] systemd[1]: Listening on /dev/initctl Compatibility Named Pipe.
[[0;32m  OK  [0m] Listening on /dev/initctl Compatibility Named Pipe.
[   12.146398] systemd[1]: Starting Uncomplicated firewall...
         Starting Uncomplicated firewall...
[   12.159347] systemd[1]: Mounted POSIX Message Queue File System.
[[0;32m  OK  [0m] Mounted POSIX Message Queue File System.
[   12.167444] systemd[1]: Mounted Debug File System.
[[0;32m  OK  [0m] Mounted Debug File System.
[   12.173393] systemd[1]: Mounted Huge Pages File System.
[[0;32m  OK  [0m] Mounted Huge Pages File System.
[   12.192425] systemd[1]: Started Remount Root and Kernel File Systems.
[[0;32m  OK  [0m] Started Remount Root and Kernel File Systems.
[   12.202491] systemd[1]: Started Create list of required static device nodes for the current kernel.
[[0;32m  OK  [0m] Started Create list of required sta...ce nodes for the current kernel.
[   12.238583] systemd[1]: Starting Create Static Device Nodes in /dev...
         Starting Create Static Device Nodes in /dev...
[   12.358664] systemd[1]: Starting udev Coldplug all Devices...
         Starting udev Coldplug all Devices...
[   12.365079] systemd[1]: Starting Load/Save Random Seed...
         Starting Load/Save Random Seed...
[   12.372224] systemd[1]: Started Set console keymap.
[[0;32m  OK  [0m] Started Set console keymap.
[   12.379194] systemd[1]: Started Uncomplicated firewall.
[[0;32m  OK  [0m] Started Uncomplicated firewall.
[   12.398772] systemd[1]: Started Nameserver information manager.
[[0;32m  OK  [0m] Started Nameserver information manager.
[   12.667830] systemd[1]: Started Load/Save Random Seed.
[[0;32m  OK  [0m] Started Load/Save Random Seed.
[   12.717278] Loading iSCSI transport class v2.0-870.
[   12.746453] systemd[1]: Started udev Coldplug all Devices.
[[0;32m  OK  [0m] Started udev Coldplug all Devices.
[   12.922448] systemd[1]: Started Journal Service.
[[0;32m  OK  [0m] Started Journal Service.
         Starting Flush Journal to Persistent Storage...
[   12.961297] iscsi: registered transport (tcp)
[[0;32m  OK  [0m] Started LVM2 metadata daemon.
[   13.190218] systemd-journald[397]: Received request to flush runtime journal from PID 1
[[0;32m  OK  [0m] Started Flush Journal to Persistent Storage.
[   13.473619] iscsi: registered transport (iser)
[[0;32m  OK  [0m] Started Load Kernel Modules.
         Starting Apply Kernel Variables...
         Mounting FUSE Control File System...
[[0;32m  OK  [0m] Mounted FUSE Control File System.
[[0;32m  OK  [0m] Started Create Static Device Nodes in /dev.
         Starting udev Kernel Device Manager...
[[0;32m  OK  [0m] Started Apply Kernel Variables.
[[0;32m  OK  [0m] Started Monitoring of LVM2 mirrors,...ng dmeventd or progress polling.
[[0;32m  OK  [0m] Reached target Local File Systems (Pre).
[[0;32m  OK  [0m] Reached target Local File Systems.
         Starting LSB: AppArmor initialization...
         Starting Initial cloud-init job (pre-networking)...
         Starting Set console font and keymap...
         Starting Create Volatile Files and Directories...
         Starting Commit a transient machine-id on disk...
         Starting Tell Plymouth To Write Out Runtime Data...
[[0;32m  OK  [0m] Started Commit a transient machine-id on disk.
[[0;32m  OK  [0m] Started Tell Plymouth To Write Out Runtime Data.
[[0;32m  OK  [0m] Started Create Volatile Files and Directories.
         Starting Update UTMP about System Boot/Shutdown...
[[0;32m  OK  [0m] Started Update UTMP about System Boot/Shutdown.
[[0;32m  OK  [0m] Started udev Kernel Device Manager.
[[0;32m  OK  [0m] Started Dispatch Password Requests to Console Directory Watch.
[[0;32m  OK  [0m] Found device /dev/ttyS0.
[[0;32m  OK  [0m] Listening on Load/Save RF Kill Switch Status /dev/rfkill Watch.
[[0;32m  OK  [0m] Started LSB: AppArmor initialization.
         Starting Load AppArmor profiles managed internally by snapd...
[[0;32m  OK  [0m] Started Load AppArmor profiles managed internally by snapd.
[[0;32m  OK  [0m] Started Set console font and keymap.
[[0;32m  OK  [0m] Created slice system-getty.slice.
[   27.063451] cloud-init[479]: Cloud-init v. 20.4.1-0ubuntu1~16.04.1 running 'init-local' at Thu, 04 Feb 2021 17:37:18 +0000. Up 25.96 seconds.
[[0;32m  OK  [0m] Started Initial cloud-init job (pre-networking).
[[0;32m  OK  [0m] Reached target Network (Pre).
         Starting Raise network interfaces...
[[0;32m  OK  [0m] Started Raise network interfaces.
         Starting Initial cloud-init job (metadata service crawler)...
[[0;32m  OK  [0m] Reached target Network.
[   32.859667] cloud-init[970]: Cloud-init v. 20.4.1-0ubuntu1~16.04.1 running 'init' at Thu, 04 Feb 2021 17:37:21 +0000. Up 28.60 seconds.
[   32.877172] cloud-init[970]: ci-info: ++++++++++++++++++++++++++++++++++++++Net device info+++++++++++++++++++++++++++++++++++++++
[   32.889194] cloud-init[970]: ci-info: +--------+-------+----------------------------+---------------+--------+-------------------+
[   32.901596] cloud-init[970]: ci-info: | Device |   Up  |          Address           |      Mask     | Scope  |     Hw-Address    |
[   32.906428] cloud-init[970]: ci-info: +--------+-------+----------------------------+---------------+--------+-------------------+
[   32.917359] cloud-init[970]: ci-info: | enp0s3 |  True |         10.0.2.15          | 255.255.255.0 | global | 02:e4:9f:83:fa:fa |
[   32.922696] cloud-init[970]: ci-info: | enp0s3 |  True | fe80::e4:9fff:fe83:fafa/64 |       .       |  link  | 02:e4:9f:83:fa:fa |
[   32.928129] cloud-init[970]: ci-info: | enp0s8 | False |             .              |       .       |   .    | 08:00:27:73:d4:11 |
[   32.933083] cloud-init[970]: ci-info: |   lo   |  True |         127.0.0.1          |   255.0.0.0   |  host  |         .         |
[   32.936661] cloud-init[970]: ci-info: |   lo   |  True |          ::1/128           |       .       |  host  |         .         |
[   32.940213] cloud-init[970]: ci-info: +--------+-------+----------------------------+---------------+--------+-------------------+
[   32.950560] cloud-init[970]: ci-info: +++++++++++++++++++++++++++Route IPv4 info++++++++++++++++++++++++++++
[   32.955807] cloud-init[970]: ci-info: +-------+-------------+----------+---------------+-----------+-------+
[   32.960329] cloud-init[970]: ci-info: | Route | Destination | Gateway  |    Genmask    | Interface | Flags |
[   32.964721] cloud-init[970]: ci-info: +-------+-------------+----------+---------------+-----------+-------+
[   32.969304] cloud-init[970]: ci-info: |   0   |   0.0.0.0   | 10.0.2.2 |    0.0.0.0    |   enp0s3  |   UG  |
[   32.974307] cloud-init[970]: ci-info: |   1   |   10.0.2.0  | 0.0.0.0  | 255.255.255.0 |   enp0s3  |   U   |
[   32.978814] cloud-init[970]: ci-info: +-------+-------------+----------+---------------+-----------+-------+
[   32.979313] cloud-init[970]: ci-info: +++++++++++++++++++Route IPv6 info+++++++++++++++++++
[   32.983349] cloud-init[970]: ci-info: +-------+-------------+---------+-----------+-------+
[   32.985622] cloud-init[970]: ci-info: | Route | Destination | Gateway | Interface | Flags |
[   32.989014] cloud-init[970]: ci-info: +-------+-------------+---------+-----------+-------+
[   32.991948] cloud-init[970]: ci-info: |   0   |  fe80::/64  |    ::   |   enp0s3  |   U   |
[   32.993078] cloud-init[970]: ci-info: |   3   |   ff00::/8  |    ::   |   enp0s3  |   U   |
[[0;32m  OK  [0m] Started Initial cloud-init job (metadata service crawler).
[[0;32m  OK  [0m] Reached target Network is Online.
[   32.993354] cloud-init[970]: ci-info: +-------+-------------+---------+-----------+-------+
[   33.004777] cloud-init[970]: Generating public/private rsa key pair.
[   33.009195] cloud-init[970]: Your identification has been saved in /etc/ssh/ssh_host_rsa_key.
[   33.013824] cloud-init[970]: Your public key has been saved in /etc/ssh/ssh_host_rsa_key.pub.
         Starting iSCSI initiator daemon (iscsid)...
[[0;32m  OK  [0m] Reached target Cloud-config availability.
[[0;32m  OK  [0m] Reached target System Initialization.
[[0;32m  OK  [0m] Started Message of the Day.
[   33.017604] cloud-init[970]: The key fingerprint is:
[   33.023107] cloud-init[970]: SHA256:IjetN3xXIkty7js+6VMP1/aXJNULRtsNRDHhuJZeVR8 root@ubuntu-xenial
[   33.023186] cloud-init[970]: The key's randomart image is:
[   33.023249] cloud-init[970]: +---[RSA 2048]----+
[   33.023310] cloud-init[970]: |             o*E.|
[   33.023375] cloud-init[970]: |             +..+|
[   33.023434] cloud-init[970]: |            o +.=|
[   33.023490] cloud-init[970]: |       .     * +o|
[   33.023544] cloud-init[970]: |    . + S + * =..|
[   33.023611] cloud-init[970]: |     o = = =o=.oo|
[   33.023667] cloud-init[970]: |      . + +oo+o.o|
[   33.023726] cloud-init[970]: |       . +=.  ..o|
[   33.023782] cloud-init[970]: |         o==    .|
[   33.023835] cloud-init[970]: +----[SHA256]-----+
[   33.023888] cloud-init[970]: Generating public/private dsa key pair.
[   33.023943] cloud-init[970]: Your identification has been saved in /etc/ssh/ssh_host_dsa_key.
[   33.024003] cloud-init[970]: Your public key has been saved in /etc/ssh/ssh_host_dsa_key.pub.
[   33.024072] cloud-init[970]: The key fingerprint is:
[[0;32m  OK  [0m] Listening on UUID daemon activation socket.
[   33.054109]          Starting Socket activation for snappy daemon.
[[0;32m  OK  [0m] Started Daily apt download activities.
[[0;32m  OK  [0m] Started Daily apt upgrade and clean activities.
[[0;32m  OK  [0m] Listening on ACPID Listen Socket.
cloud-init[970]: SHA256:DOAiRQTieT4yY3drWsD+hA9X0WQwfGEx1HGPdIz++eg root@ubuntu-xenial
[   33.066248] cloud-init[970]: The key's randomart image is:
[   33.068662] cloud-init[970]: +---[DSA 1024]----+
[   33.070375] cloud-init[970]: |o++ . .ooO+..oo. |
[   33.072524] cloud-init[970]: |o... . .*...o.+. |
[   33.074810] cloud-init[970]: |.o... ....  .. . |
[   33.076947] cloud-init[970]: | .+.   o.    .   |
[   33.079402] cloud-init[970]: | = * . .S     . .|
[   33.081718] cloud-init[970]: |. * = o        o |
[   33.083667] cloud-init[970]: |   + *         ..|
[   33.086400] cloud-init[970]: |    X         . .|
[   33.088537] cloud-init[970]: |   . o       .E  |
[   33.090794] cloud-init[970]: +----[SHA256]-----+
[   33.093313] cloud-init[970]: Generating public/private ecdsa key pair.
[   33.096648] cloud-init[970]: Your identification has been saved in /etc/ssh/ssh_host_ecdsa_key.
[   33.099577] cloud-init[970]: Your public key has been saved in /etc/ssh/ssh_host_ecdsa_key.pub.
[   33.102747] cloud-init[970]: The key fingerprint is:
[   33.104625] cloud-init[970]: SHA256:/3xDaXmOBn9/7MFNZ0JdK+bLwjy5gNGewajUcsZF+mk root@ubuntu-xenial
[   33.108464] cloud-init[970]: The key's randomart image is:
[   33.111197] cloud-init[970]: +---[ECDSA 256]---+
[   33.113535] cloud-init[970]: |         .      .|
[   33.115567] cloud-init[970]: |        o      .o|
[   33.117156] cloud-init[970]: |       . .   o...|
[   33.118963] cloud-init[970]: |      o * . o..  |
[   33.120536] cloud-init[970]: |     o BSE   ..o+|
[   33.122595] cloud-init[970]: |    . = =.= + B++|
[   33.124960] cloud-init[970]: |     . . +.* B B.|
[   33.127493] cloud-init[970]: |          .o+ * *|
[   33.129992] cloud-init[970]: |           .oo +=|
[   33.132143] cloud-init[970]: +----[SHA256]-----+
[   33.133835] cloud-init[970]: Generating public/private ed25519 key pair.
[   33.135999] cloud-init[970]: Your identification has been saved in /etc/ssh/ssh_host_ed25519_key.
[   33.139338] cloud-init[970]: Your public key has been saved in /etc/ssh/ssh_host_ed25519_key.pub.
[   33.143424] cloud-init[970]: The key fingerprint is:
[   33.145947] cloud-init[970]: SHA256:H0hBd1G6r+vZ6izfJnbiNlzAmMxKjhP5A30vXQhrImo root@ubuntu-xenial
[   33.149717] cloud-init[970]: The key's randomart image is:
[   33.157157] cloud-init[970]: +--[ED25519 256]--+
[   33.159941] cloud-init[970]: |       .o . oo.  |
[   33.162458] cloud-init[970]: |         o.. .   |
[   33.165077] cloud-init[970]: |       o.o *..   |
[   33.166390] cloud-init[970]: |      =.+.O +..  |
[   33.167915] cloud-init[970]: |     . OS=.o.o   |
[   33.169474] cloud-init[970]: |    E o =...o..  |
[   33.171447] cloud-init[970]: |   .   . ..o ..  |
[   33.173979] cloud-init[970]: |          ..B=o  |
[   33.176376] cloud-init[970]: |           O@Oo  |
[   33.178718] cloud-init[970]: +----[SHA256]-----+
[[0;32m  OK  [0m] Started ACPI Events Check.
[[0;32m  OK  [0m] Reached target Paths.
         Starting LXD - unix socket.
[[0;32m  OK  [0m] Started Daily Cleanup of Temporary Directories.
[[0;32m  OK  [0m] Reached target Timers.
[[0;32m  OK  [0m] Listening on D-Bus System Message Bus Socket.
[[0;32m  OK  [0m] Listening on Socket activation for snappy daemon.
[[0;32m  OK  [0m] Listening on LXD - unix socket.
[[0;32m  OK  [0m] Reached target Sockets.
[[0;32m  OK  [0m] Reached target Basic System.
[[0;32m  OK  [0m] Started ACPI event daemon.
         Starting Pollinate to seed the pseudo random number generator...
         Starting Virtualbox guest utils...
         Starting Login Service...
         Starting LSB: Record successful boot for GRUB...
[[0;32m  OK  [0m] Started D-Bus System Message Bus.
         Starting Accounts Service...
[[0;32m  OK  [0m] Started Regular background program processing daemon.
         Starting LXD - container startup/shutdown...
[[0;32m  OK  [0m] Started Deferred execution scheduler.
         Starting /etc/rc.local Compatibility...
[[0;32m  OK  [0m] Started FUSE filesystem for LXC.
         Starting Snap Daemon...
         Starting System Logging Service...
         Starting LSB: MD monitoring daemon...
[[0;32m  OK  [0m] Started /etc/rc.local Compatibility.
[[0;32m  OK  [0m] Started Login Service.
[[0;32m  OK  [0m] Started Unattended Upgrades Shutdown.
[[0;32m  OK  [0m] Started iSCSI initiator daemon (iscsid).
         Starting Login to default iSCSI targets...
[[0;32m  OK  [0m] Started LSB: Record successful boot for GRUB.
[[0;32m  OK  [0m] Started LSB: MD monitoring daemon.
[[0;32m  OK  [0m] Started Login to default iSCSI targets.
[[0;32m  OK  [0m] Reached target Remote File Systems (Pre).
[[0;32m  OK  [0m] Reached target Remote File Systems.
         Starting LSB: automatic crash report generation...
         Starting Permit User Sessions...
         Starting LSB: Set the CPU Frequency Scaling governor to "ondemand"...
         Starting LSB: daemon to balance interrupts for SMP systems...
[[0;32m  OK  [0m] Started LSB: Set the CPU Frequency Scaling governor to "ondemand".
[[0;32m  OK  [0m] Started Permit User Sessions.
         Starting Hold until boot process finishes up...
         Starting Terminate Plymouth Boot Screen...
[[0;32m  OK  [0m] Started Hold until boot process finishes up.
[[0;32m  OK  [0m] Started Serial Getty on ttyS0.
         Starting Set console scheme...
[[0;32m  OK  [0m] Started Getty on tty1.
[[0;32m  OK  [0m] Reached target Login Prompts.
[[0;32m  OK  [0m] Started Terminate Plymouth Boot Screen.
[[0;32m  OK  [0m] Started Set console scheme.
[[0;32m  OK  [0m] Started LSB: automatic crash report generation.
[[0;32m  OK  [0m] Started System Logging Service.
[[0;32m  OK  [0m] Started LSB: daemon to balance interrupts for SMP systems.
[[0;32m  OK  [0m] Started Virtualbox guest utils.
         Starting Authenticate and Authorize Users to Run Privileged Tasks...

Ubuntu 16.04.7 LTS ubuntu-xenial ttyS0

ubuntu-xenial login: [   58.568054] cloud-init[1385]: Generating locales (this might take a while)...
[   62.386899] cloud-init[1385]:   en_US.UTF-8... done
[   62.388079] cloud-init[1385]: Generation complete.
[   68.639538] cloud-init[1385]: Cloud-init v. 20.4.1-0ubuntu1~16.04.1 running 'modules:config' at Thu, 04 Feb 2021 17:37:50 +0000. Up 57.98 seconds.
ci-info: no authorized SSH keys fingerprints found for user ubuntu.
<14>Feb  4 17:38:02 ec2: 
<14>Feb  4 17:38:02 ec2: #############################################################
<14>Feb  4 17:38:02 ec2: -----BEGIN SSH HOST KEY FINGERPRINTS-----
<14>Feb  4 17:38:02 ec2: 1024 SHA256:DOAiRQTieT4yY3drWsD+hA9X0WQwfGEx1HGPdIz++eg root@ubuntu-xenial (DSA)
<14>Feb  4 17:38:02 ec2: 256 SHA256:/3xDaXmOBn9/7MFNZ0JdK+bLwjy5gNGewajUcsZF+mk root@ubuntu-xenial (ECDSA)
<14>Feb  4 17:38:02 ec2: 256 SHA256:H0hBd1G6r+vZ6izfJnbiNlzAmMxKjhP5A30vXQhrImo root@ubuntu-xenial (ED25519)
<14>Feb  4 17:38:02 ec2: 2048 SHA256:IjetN3xXIkty7js+6VMP1/aXJNULRtsNRDHhuJZeVR8 root@ubuntu-xenial (RSA)
<14>Feb  4 17:38:02 ec2: -----END SSH HOST KEY FINGERPRINTS-----
<14>Feb  4 17:38:02 ec2: #############################################################
-----BEGIN SSH HOST KEY KEYS-----
ecdsa-sha2-nistp256 AAAAE2VjZHNhLXNoYTItbmlzdHAyNTYAAAAIbmlzdHAyNTYAAABBBILXymXLwrIsrcsZp2sT141v4vmDSYGv2T3NNntYWzF6qpqXZvx1gt8NwBCSan3l/68dCf9F1EyVjstXyYyS29Q= root@ubuntu-xenial
ssh-ed25519 AAAAC3NzaC1lZDI1NTE5AAAAIE5ITRMYDgMPsY1nVzIjR9BTrfdHdiRJ/lXa9gGbXeAj root@ubuntu-xenial
ssh-rsa AAAAB3NzaC1yc2EAAAADAQABAAABAQDTYj36BaRZLOVMGttIP2iJ1gdAtTUjPc6g6PsxeJzulxUHudCYqpwmJDYikwBWXu5mDz81ZFRrglrPp859TnnmGhaPY4PamCLclIGaF9SSNo1CSOP0YK81y5w9fgODfh39JNCftW/Yy6J/DzkFdvfpUmecR+ZFKSt5x0VPRLboGacvbeqA07lk4l0cOB7//gj4k8cbfd0lJx5Uxp7tGSeq1BU+XNt3QzGIwWyanonnU7YkR9vWmyoFYome1Oy0g4AbgtqV9GE6xuPY6PwzIy19BLtamCr2E/UXQ5HMxad8iZlA0iY0jPVj9agb6+RSbgP6Bea3Kgl0r+sOh3tbGSRz root@ubuntu-xenial
-----END SSH HOST KEY KEYS-----
[   70.354989] cloud-init[1620]: Cloud-init v. 20.4.1-0ubuntu1~16.04.1 running 'modules:final' at Thu, 04 Feb 2021 17:38:01 +0000. Up 69.20 seconds.
[   70.355315] cloud-init[1620]: ci-info: no authorized SSH keys fingerprints found for user ubuntu.
[   70.359139] cloud-init[1620]: Cloud-init v. 20.4.1-0ubuntu1~16.04.1 finished at Thu, 04 Feb 2021 17:38:02 +0000. Datasource DataSourceNoCloud [seed=/dev/sdb][dsmode=net].  Up 70.33 seconds
